Execute command: [
  `which`
  `cmake`
]
[/home/kadochnikov/Avokado1024/workspace/projects/lab07]> "which" "cmake"
/usr/bin/cmake
Execute command: [
  `cmake`
  `--version`
]
[/home/kadochnikov/Avokado1024/workspace/projects/lab07]> "cmake" "--version"
cmake version 3.22.1

CMake suite maintained and supported by Kitware (kitware.com/cmake).
Execute command: [
  `cmake`
  `-H.`
  `-B/home/kadochnikov/Avokado1024/workspace/projects/lab07/_builds/clang-cxx14`
  `-GUnix Makefiles`
  `-DCMAKE_TOOLCHAIN_FILE=/home/kadochnikov/Avokado1024/workspace/projects/lab07/tools/polly/clang-cxx14.cmake`
]
[/home/kadochnikov/Avokado1024/workspace/projects/lab07]> "cmake" "-H." "-B/home/kadochnikov/Avokado1024/workspace/projects/lab07/_builds/clang-cxx14" "-GUnix Makefiles" "-DCMAKE_TOOLCHAIN_FILE=/home/kadochnikov/Avokado1024/workspace/projects/lab07/tools/polly/clang-cxx14.cmake"
-- [polly] Used toolchain: clang / c++14 support
-- The C compiler identification is Clang 14.0.0
-- The CXX compiler identification is Clang 14.0.0
-- Detecting C compiler ABI info
-- Detecting C compiler ABI info - done
-- Check for working C compiler: /usr/bin/clang - skipped
-- Detecting C compile features
-- Detecting C compile features - done
-- Detecting CXX compiler ABI info
-- Detecting CXX compiler ABI info - failed
-- Check for working CXX compiler: /usr/bin/clang++
-- Check for working CXX compiler: /usr/bin/clang++ - broken
-- Configuring incomplete, errors occurred!
See also "/home/kadochnikov/Avokado1024/workspace/projects/lab07/_builds/clang-cxx14/CMakeFiles/CMakeOutput.log".
CMake Error at /usr/share/cmake-3.22/Modules/CMakeTestCXXCompiler.cmake:62 (message):
  The C++ compiler

    "/usr/bin/clang++"

  is not able to compile a simple test program.

See also "/home/kadochnikov/Avokado1024/workspace/projects/lab07/_builds/clang-cxx14/CMakeFiles/CMakeError.log".
  It fails with the following output:

    Change Dir: /home/kadochnikov/Avokado1024/workspace/projects/lab07/_builds/clang-cxx14/CMakeFiles/CMakeTmp

    Run Build Command(s):/usr/bin/gmake -f Makefile cmTC_3ae2d/fast && /usr/bin/gmake  -f CMakeFiles/cmTC_3ae2d.dir/build.make CMakeFiles/cmTC_3ae2d.dir/build
    gmake[1]: вход в каталог «/home/kadochnikov/Avokado1024/workspace/projects/lab07/_builds/clang-cxx14/CMakeFiles/CMakeTmp»
    Building CXX object CMakeFiles/cmTC_3ae2d.dir/testCXXCompiler.cxx.o
    /usr/bin/clang++   -std=c++14  -std=c++14 -MD -MT CMakeFiles/cmTC_3ae2d.dir/testCXXCompiler.cxx.o -MF CMakeFiles/cmTC_3ae2d.dir/testCXXCompiler.cxx.o.d -o CMakeFiles/cmTC_3ae2d.dir/testCXXCompiler.cxx.o -c /home/kadochnikov/Avokado1024/workspace/projects/lab07/_builds/clang-cxx14/CMakeFiles/CMakeTmp/testCXXCompiler.cxx
    Linking CXX executable cmTC_3ae2d
    /usr/bin/cmake -E cmake_link_script CMakeFiles/cmTC_3ae2d.dir/link.txt --verbose=1
    /usr/bin/clang++ -std=c++14  CMakeFiles/cmTC_3ae2d.dir/testCXXCompiler.cxx.o -o cmTC_3ae2d
    /usr/bin/ld: невозможно найти -lstdc++: Нет такого файла или каталога
    clang: error: linker command failed with exit code 1 (use -v to see invocation)
    gmake[1]: *** [CMakeFiles/cmTC_3ae2d.dir/build.make:100: cmTC_3ae2d] Ошибка 1
    gmake[1]: выход из каталога «/home/kadochnikov/Avokado1024/workspace/projects/lab07/_builds/clang-cxx14/CMakeFiles/CMakeTmp»
    gmake: *** [Makefile:127: cmTC_3ae2d/fast] Ошибка 2





  CMake will not be able to correctly generate this project.
Call Stack (most recent call first):
  CMakeLists.txt:14 (project)


